<?xml version="1.0" encoding="UTF-8"?>
<!-- Generated by org.testng.reporters.JUnitXMLReporter -->
<testsuite ignored="0" hostname="LAPTOP-Q42K8H49" failures="1" tests="1" name="Surefire test" time="8.412" errors="0" timestamp="15 7月 2020 02:38:07 GMT">
  <testcase classname="core.RunServiceTest" name="contextLoads on contextLoads(core.RunServiceTest)" time="7.958">
    <failure type="java.lang.IllegalStateException" message="Failed to load ApplicationContext">
      <![CDATA[java.lang.IllegalStateException: Failed to load ApplicationContextat org.springframework.test.context.cache.DefaultCacheAwareContextLoaderDelegate.loadContext(DefaultCacheAwareContextLoaderDelegate.java:132)at org.springframework.test.context.support.DefaultTestContext.getApplicationContext(DefaultTestContext.java:123)at org.springframework.test.context.web.ServletTestExecutionListener.setUpRequestContextIfNecessary(ServletTestExecutionListener.java:190)at org.springframework.test.context.web.ServletTestExecutionListener.prepareTestInstance(ServletTestExecutionListener.java:132)at org.springframework.test.context.TestContextManager.prepareTestInstance(TestContextManager.java:244)at org.springframework.test.context.junit4.SpringJUnit4ClassRunner.createTest(SpringJUnit4ClassRunner.java:227)at org.springframework.test.context.junit4.SpringJUnit4ClassRunner$1.runReflectiveCall(SpringJUnit4ClassRunner.java:289)at org.junit.internal.runners.model.ReflectiveCallable.run(ReflectiveCallable.java:12)at org.springframework.test.context.junit4.SpringJUnit4ClassRunner.methodBlock(SpringJUnit4ClassRunner.java:291)at org.springframework.test.context.junit4.SpringJUnit4ClassRunner.runChild(SpringJUnit4ClassRunner.java:246)at org.springframework.test.context.junit4.SpringJUnit4ClassRunner.runChild(SpringJUnit4ClassRunner.java:97)at org.junit.runners.ParentRunner$3.run(ParentRunner.java:290)at org.junit.runners.ParentRunner$1.schedule(ParentRunner.java:71)at org.junit.runners.ParentRunner.runChildren(ParentRunner.java:288)at org.junit.runners.ParentRunner.access$000(ParentRunner.java:58)at org.junit.runners.ParentRunner$2.evaluate(ParentRunner.java:268)at org.springframework.test.context.junit4.statements.RunBeforeTestClassCallbacks.evaluate(RunBeforeTestClassCallbacks.java:61)at org.springframework.test.context.junit4.statements.RunAfterTestClassCallbacks.evaluate(RunAfterTestClassCallbacks.java:70)at org.junit.runners.ParentRunner.run(ParentRunner.java:363)at org.springframework.test.context.junit4.SpringJUnit4ClassRunner.run(SpringJUnit4ClassRunner.java:190)at org.junit.runner.JUnitCore.run(JUnitCore.java:137)at org.junit.runner.JUnitCore.run(JUnitCore.java:115)Caused by: org.springframework.beans.factory.BeanCreationException: Error creating bean with name 'entityManagerFactory' defined in class path resource [org/springframework/boot/autoconfigure/orm/jpa/HibernateJpaConfiguration.class]: Invocation of init method failed; nested exception is javax.persistence.PersistenceException: [PersistenceUnit: default] Unable to build Hibernate SessionFactory; nested exception is org.hibernate.exception.JDBCConnectionException: Unable to open JDBC Connection for DDL executionat org.springframework.beans.factory.support.AbstractAutowireCapableBeanFactory.initializeBean(AbstractAutowireCapableBeanFactory.java:1796)at org.springframework.beans.factory.support.AbstractAutowireCapableBeanFactory.doCreateBean(AbstractAutowireCapableBeanFactory.java:595)at org.springframework.beans.factory.support.AbstractAutowireCapableBeanFactory.createBean(AbstractAutowireCapableBeanFactory.java:517)at org.springframework.beans.factory.support.AbstractBeanFactory.lambda$doGetBean$0(AbstractBeanFactory.java:323)at org.springframework.beans.factory.support.DefaultSingletonBeanRegistry.getSingleton(DefaultSingletonBeanRegistry.java:222)at org.springframework.beans.factory.support.AbstractBeanFactory.doGetBean(AbstractBeanFactory.java:321)at org.springframework.beans.factory.support.AbstractBeanFactory.getBean(AbstractBeanFactory.java:202)at org.springframework.context.support.AbstractApplicationContext.getBean(AbstractApplicationContext.java:1108)at org.springframework.context.support.AbstractApplicationContext.finishBeanFactoryInitialization(AbstractApplicationContext.java:868)at org.springframework.context.support.AbstractApplicationContext.refresh(AbstractApplicationContext.java:550)at org.springframework.boot.SpringApplication.refresh(SpringApplication.java:747)at org.springframework.boot.SpringApplication.refreshContext(SpringApplication.java:397)at org.springframework.boot.SpringApplication.run(SpringApplication.java:315)at org.springframework.boot.test.context.SpringBootContextLoader.loadContext(SpringBootContextLoader.java:125)at org.springframework.test.context.cache.DefaultCacheAwareContextLoaderDelegate.loadContextInternal(DefaultCacheAwareContextLoaderDelegate.java:99)at org.springframework.test.context.cache.DefaultCacheAwareContextLoaderDelegate.loadContext(DefaultCacheAwareContextLoaderDelegate.java:124)... 45 moreCaused by: javax.persistence.PersistenceException: [PersistenceUnit: default] Unable to build Hibernate SessionFactory; nested exception is org.hibernate.exception.JDBCConnectionException: Unable to open JDBC Connection for DDL executionat org.springframework.orm.jpa.AbstractEntityManagerFactoryBean.buildNativeEntityManagerFactory(AbstractEntityManagerFactoryBean.java:403)at org.springframework.orm.jpa.AbstractEntityManagerFactoryBean.afterPropertiesSet(AbstractEntityManagerFactoryBean.java:378)at org.springframework.orm.jpa.LocalContainerEntityManagerFactoryBean.afterPropertiesSet(LocalContainerEntityManagerFactoryBean.java:341)at org.springframework.beans.factory.support.AbstractAutowireCapableBeanFactory.invokeInitMethods(AbstractAutowireCapableBeanFactory.java:1855)at org.springframework.beans.factory.support.AbstractAutowireCapableBeanFactory.initializeBean(AbstractAutowireCapableBeanFactory.java:1792)... 60 moreCaused by: org.hibernate.exception.JDBCConnectionException: Unable to open JDBC Connection for DDL executionat org.hibernate.exception.internal.SQLStateConversionDelegate.convert(SQLStateConversionDelegate.java:112)at org.hibernate.exception.internal.StandardSQLExceptionConverter.convert(StandardSQLExceptionConverter.java:42)at org.hibernate.engine.jdbc.spi.SqlExceptionHelper.convert(SqlExceptionHelper.java:113)at org.hibernate.engine.jdbc.spi.SqlExceptionHelper.convert(SqlExceptionHelper.java:99)at org.hibernate.resource.transaction.backend.jdbc.internal.DdlTransactionIsolatorNonJtaImpl.getIsolatedConnection(DdlTransactionIsolatorNonJtaImpl.java:69)at org.hibernate.tool.schema.internal.exec.ImprovedExtractionContextImpl.getJdbcConnection(ImprovedExtractionContextImpl.java:60)at org.hibernate.tool.schema.internal.exec.ImprovedExtractionContextImpl.getJdbcDatabaseMetaData(ImprovedExtractionContextImpl.java:67)at org.hibernate.tool.schema.extract.internal.InformationExtractorJdbcDatabaseMetaDataImpl.getTables(InformationExtractorJdbcDatabaseMetaDataImpl.java:333)at org.hibernate.tool.schema.extract.internal.DatabaseInformationImpl.getTablesInformation(DatabaseInformationImpl.java:120)at org.hibernate.tool.schema.internal.GroupedSchemaMigratorImpl.performTablesMigration(GroupedSchemaMigratorImpl.java:65)at org.hibernate.tool.schema.internal.AbstractSchemaMigrator.performMigration(AbstractSchemaMigrator.java:207)at org.hibernate.tool.schema.internal.AbstractSchemaMigrator.doMigration(AbstractSchemaMigrator.java:114)at org.hibernate.tool.schema.spi.SchemaManagementToolCoordinator.performDatabaseAction(SchemaManagementToolCoordinator.java:184)at org.hibernate.tool.schema.spi.SchemaManagementToolCoordinator.process(SchemaManagementToolCoordinator.java:73)at org.hibernate.internal.SessionFactoryImpl.<init>(SessionFactoryImpl.java:320)at org.hibernate.boot.internal.SessionFactoryBuilderImpl.build(SessionFactoryBuilderImpl.java:462)at org.hibernate.jpa.boot.internal.EntityManagerFactoryBuilderImpl.build(EntityManagerFactoryBuilderImpl.java:1237)at org.springframework.orm.jpa.vendor.SpringHibernateJpaPersistenceProvider.createContainerEntityManagerFactory(SpringHibernateJpaPersistenceProvider.java:58)at org.springframework.orm.jpa.LocalContainerEntityManagerFactoryBean.createNativeEntityManagerFactory(LocalContainerEntityManagerFactoryBean.java:365)at org.springframework.orm.jpa.AbstractEntityManagerFactoryBean.buildNativeEntityManagerFactory(AbstractEntityManagerFactoryBean.java:391)... 64 moreCaused by: com.mysql.cj.jdbc.exceptions.CommunicationsException: Communications link failureThe last packet sent successfully to the server was 0 milliseconds ago. The driver has not received any packets from the server.at com.mysql.cj.jdbc.exceptions.SQLError.createCommunicationsException(SQLError.java:174)at com.mysql.cj.jdbc.exceptions.SQLExceptionsMapping.translateException(SQLExceptionsMapping.java:64)at com.mysql.cj.jdbc.ConnectionImpl.createNewIO(ConnectionImpl.java:836)at com.mysql.cj.jdbc.ConnectionImpl.<init>(ConnectionImpl.java:456)at com.mysql.cj.jdbc.ConnectionImpl.getInstance(ConnectionImpl.java:246)at com.mysql.cj.jdbc.NonRegisteringDriver.connect(NonRegisteringDriver.java:199)at com.zaxxer.hikari.util.DriverDataSource.getConnection(DriverDataSource.java:138)at com.zaxxer.hikari.pool.PoolBase.newConnection(PoolBase.java:353)at com.zaxxer.hikari.pool.PoolBase.newPoolEntry(PoolBase.java:201)at com.zaxxer.hikari.pool.HikariPool.createPoolEntry(HikariPool.java:473)at com.zaxxer.hikari.pool.HikariPool.checkFailFast(HikariPool.java:562)at com.zaxxer.hikari.pool.HikariPool.<init>(HikariPool.java:115)at com.zaxxer.hikari.HikariDataSource.getConnection(HikariDataSource.java:112)at org.hibernate.engine.jdbc.connections.internal.DatasourceConnectionProviderImpl.getConnection(DatasourceConnectionProviderImpl.java:122)at org.hibernate.engine.jdbc.env.internal.JdbcEnvironmentInitiator$ConnectionProviderJdbcConnectionAccess.obtainConnection(JdbcEnvironmentInitiator.java:180)at org.hibernate.resource.transaction.backend.jdbc.internal.DdlTransactionIsolatorNonJtaImpl.getIsolatedConnection(DdlTransactionIsolatorNonJtaImpl.java:43)... 79 moreCaused by: com.mysql.cj.exceptions.CJCommunicationsException: Communications link failureThe last packet sent successfully to the server was 0 milliseconds ago. The driver has not received any packets from the server.at com.mysql.cj.exceptions.ExceptionFactory.createException(ExceptionFactory.java:61)at com.mysql.cj.exceptions.ExceptionFactory.createException(ExceptionFactory.java:105)at com.mysql.cj.exceptions.ExceptionFactory.createException(ExceptionFactory.java:151)at com.mysql.cj.exceptions.ExceptionFactory.createCommunicationsException(ExceptionFactory.java:167)at com.mysql.cj.protocol.a.NativeSocketConnection.connect(NativeSocketConnection.java:91)at com.mysql.cj.NativeSession.connect(NativeSession.java:144)at com.mysql.cj.jdbc.ConnectionImpl.connectOneTryOnly(ConnectionImpl.java:956)at com.mysql.cj.jdbc.ConnectionImpl.createNewIO(ConnectionImpl.java:826)... 92 moreCaused by: java.net.ConnectException: Connection refused: connectat java.base/java.net.PlainSocketImpl.waitForConnect(Native Method)at java.base/java.net.PlainSocketImpl.socketConnect(PlainSocketImpl.java:107)at java.base/java.net.AbstractPlainSocketImpl.doConnect(AbstractPlainSocketImpl.java:399)at java.base/java.net.AbstractPlainSocketImpl.connectToAddress(AbstractPlainSocketImpl.java:242)at java.base/java.net.AbstractPlainSocketImpl.connect(AbstractPlainSocketImpl.java:224)at java.base/java.net.SocksSocketImpl.connect(SocksSocketImpl.java:403)at java.base/java.net.Socket.connect(Socket.java:609)at com.mysql.cj.protocol.StandardSocketFactory.connect(StandardSocketFactory.java:155)at com.mysql.cj.protocol.a.NativeSocketConnection.connect(NativeSocketConnection.java:65)... 95 more... Removed 28 stack frames]]>
    </failure>
  </testcase> <!-- contextLoads on contextLoads(core.RunServiceTest) -->
</testsuite> <!-- Surefire test -->
